<?xml version="1.0" encoding="UTF-8"?>
<testsuite xmlns:xsi="http://www.w3.org/2001/XMLSchema-instance" xsi:noNamespaceSchemaLocation="https://maven.apache.org/surefire/maven-surefire-plugin/xsd/surefire-test-report-3.0.xsd" version="3.0" name="io.bitbucket.plt.sdp.bohnanza.gui.DistributionTest" time="0.555" tests="38" errors="0" skipped="0" failures="0">
  <properties>
[...]
</properties>
  <testcase name="1 Distribute with overlap has equi-distant starting position. (Ints: [60, 60, 60])" classname="io.bitbucket.plt.sdp.bohnanza.gui.DistributionTest" time="0.004"/>
  <testcase name="2 Distribute with overlap has equi-distant starting position. (Ints: [80, 60, 60])" classname="io.bitbucket.plt.sdp.bohnanza.gui.DistributionTest" time="0.004"/>
  <testcase name="3 Distribute with overlap has equi-distant starting position. (Ints: [60, 80, 60])" classname="io.bitbucket.plt.sdp.bohnanza.gui.DistributionTest" time="0.004"/>
  <testcase name="4 Distribute with overlap has equi-distant starting position. (Ints: [60, 60, 80])" classname="io.bitbucket.plt.sdp.bohnanza.gui.DistributionTest" time="0.002"/>
  <testcase name="5 Distribute with overlap has equi-distant starting position. (Ints: [80, 80, 60])" classname="io.bitbucket.plt.sdp.bohnanza.gui.DistributionTest" time="0.002"/>
  <testcase name="6 Distribute with overlap has equi-distant starting position. (Ints: [60, 80, 80])" classname="io.bitbucket.plt.sdp.bohnanza.gui.DistributionTest" time="0.001"/>
  <testcase name="7 Distribute with overlap has equi-distant starting position. (Ints: [80, 60, 80])" classname="io.bitbucket.plt.sdp.bohnanza.gui.DistributionTest" time="0.004"/>
  <testcase name="8 Distribute with overlap has equi-distant starting position. (Ints: [60, 60])" classname="io.bitbucket.plt.sdp.bohnanza.gui.DistributionTest" time="0.006"/>
  <testcase name="9 Distribute with overlap has equi-distant starting position. (Ints: [80, 60, 80])" classname="io.bitbucket.plt.sdp.bohnanza.gui.DistributionTest" time="0.002"/>
  <testcase name="10 Distribute with overlap has equi-distant starting position. (Ints: [80, 60, 80, 80, 60])" classname="io.bitbucket.plt.sdp.bohnanza.gui.DistributionTest" time="0.005"/>
  <testcase name="Distribute for empty array." classname="io.bitbucket.plt.sdp.bohnanza.gui.DistributionTest" time="0.003"/>
  <testcase name="Distribute for null array." classname="io.bitbucket.plt.sdp.bohnanza.gui.DistributionTest" time="0.002"/>
  <testcase name="Distribute uses smaller value as start." classname="io.bitbucket.plt.sdp.bohnanza.gui.DistributionTest" time="0.002"/>
  <testcase name="1 Distribute without overlap has equi-distant spacing. (Ints: [60, 60, 60])" classname="io.bitbucket.plt.sdp.bohnanza.gui.DistributionTest" time="0.003"/>
  <testcase name="2 Distribute without overlap has equi-distant spacing. (Ints: [80, 60, 60])" classname="io.bitbucket.plt.sdp.bohnanza.gui.DistributionTest" time="0.016"/>
  <testcase name="3 Distribute without overlap has equi-distant spacing. (Ints: [60, 80, 60])" classname="io.bitbucket.plt.sdp.bohnanza.gui.DistributionTest" time="0.015"/>
  <testcase name="4 Distribute without overlap has equi-distant spacing. (Ints: [60, 60, 80])" classname="io.bitbucket.plt.sdp.bohnanza.gui.DistributionTest" time="0.003"/>
  <testcase name="5 Distribute without overlap has equi-distant spacing. (Ints: [80, 80, 60])" classname="io.bitbucket.plt.sdp.bohnanza.gui.DistributionTest" time="0.028"/>
  <testcase name="6 Distribute without overlap has equi-distant spacing. (Ints: [60, 80, 80])" classname="io.bitbucket.plt.sdp.bohnanza.gui.DistributionTest" time="0.003"/>
  <testcase name="7 Distribute without overlap has equi-distant spacing. (Ints: [80, 60, 80])" classname="io.bitbucket.plt.sdp.bohnanza.gui.DistributionTest" time="0.018"/>
  <testcase name="8 Distribute without overlap has equi-distant spacing. (Ints: [60, 60])" classname="io.bitbucket.plt.sdp.bohnanza.gui.DistributionTest" time="0.006"/>
  <testcase name="9 Distribute without overlap has equi-distant spacing. (Ints: [80, 60, 80])" classname="io.bitbucket.plt.sdp.bohnanza.gui.DistributionTest" time="0.008"/>
  <testcase name="10 Distribute without overlap has equi-distant spacing. (Ints: [80, 60, 80, 80, 60])" classname="io.bitbucket.plt.sdp.bohnanza.gui.DistributionTest" time="0.009"/>
  <testcase name="Distribute properly guards conditions for arguments." classname="io.bitbucket.plt.sdp.bohnanza.gui.DistributionTest" time="0.007"/>
  <testcase name="1 Distribute with too little room has all cards starting at Beginning. (Ints: [60, 60, 60])" classname="io.bitbucket.plt.sdp.bohnanza.gui.DistributionTest" time="0.004"/>
  <testcase name="2 Distribute with too little room has all cards starting at Beginning. (Ints: [80, 60, 60])" classname="io.bitbucket.plt.sdp.bohnanza.gui.DistributionTest" time="0.002"/>
  <testcase name="3 Distribute with too little room has all cards starting at Beginning. (Ints: [60, 80, 60])" classname="io.bitbucket.plt.sdp.bohnanza.gui.DistributionTest" time="0.001"/>
  <testcase name="4 Distribute with too little room has all cards starting at Beginning. (Ints: [60, 60, 80])" classname="io.bitbucket.plt.sdp.bohnanza.gui.DistributionTest" time="0.023"/>
  <testcase name="5 Distribute with too little room has all cards starting at Beginning. (Ints: [80, 80, 60])" classname="io.bitbucket.plt.sdp.bohnanza.gui.DistributionTest" time="0.008"/>
  <testcase name="6 Distribute with too little room has all cards starting at Beginning. (Ints: [60, 80, 80])" classname="io.bitbucket.plt.sdp.bohnanza.gui.DistributionTest" time="0.006"/>
  <testcase name="7 Distribute with too little room has all cards starting at Beginning. (Ints: [80, 60, 80])" classname="io.bitbucket.plt.sdp.bohnanza.gui.DistributionTest" time="0.002"/>
  <testcase name="8 Distribute with too little room has all cards starting at Beginning. (Ints: [60, 60])" classname="io.bitbucket.plt.sdp.bohnanza.gui.DistributionTest" time="0.004"/>
  <testcase name="9 Distribute with too little room has all cards starting at Beginning. (Ints: [80, 60, 80])" classname="io.bitbucket.plt.sdp.bohnanza.gui.DistributionTest" time="0.001"/>
  <testcase name="10 Distribute with too little room has all cards starting at Beginning. (Ints: [80, 60, 80, 80, 60])" classname="io.bitbucket.plt.sdp.bohnanza.gui.DistributionTest" time="0.004"/>
  <testcase name="1 Distribute single card of dimension 0" classname="io.bitbucket.plt.sdp.bohnanza.gui.DistributionTest" time="0.004"/>
  <testcase name="2 Distribute single card of dimension 60" classname="io.bitbucket.plt.sdp.bohnanza.gui.DistributionTest" time="0.003"/>
  <testcase name="3 Distribute single card of dimension 90" classname="io.bitbucket.plt.sdp.bohnanza.gui.DistributionTest" time="0.004"/>
  <testcase name="4 Distribute single card of dimension 100" classname="io.bitbucket.plt.sdp.bohnanza.gui.DistributionTest" time="0.004"/>
</testsuite>